12-25 10:36:06 082 Thread-8 INFO - {dataSource-1} inited
12-25 10:36:18 957 trans-pool-1-thread-1 INFO - com.isuwang.soa.hello.service.HelloService 1.0.0 getServiceMetadata operatorId:Optional.empty operatorName:Optional.empty request body:getServiceMetadata_args()
12-25 10:36:18 960 trans-pool-1-thread-1 DEBUG - com.isuwang.soa.hello.service.HelloService 1.0.0 getServiceMetadata Optional.empty request header:Optional.empty body:getServiceMetadata_args()
12-25 10:36:18 972 trans-pool-1-thread-1 INFO - com.isuwang.soa.hello.service.HelloService 1.0.0 getServiceMetadata operatorId:Optional.empty operatorName:Optional.empty response body:getServiceMetadata_result(<?xml version="1.0" encoding="UTF-8" standalone="yes"?>
<service namespace="com.isuwang.soa.hello.serv...(1638)
12-25 10:36:18 972 trans-pool-1-thread-1 DEBUG - com.isuwang.soa.hello.service.HelloService 1.0.0 getServiceMetadata Optional.empty response header:Optional.empty body:getServiceMetadata_result(<?xml version="1.0" encoding="UTF-8" standalone="yes"?>
<service namespace="com.isuwang.soa.hello.serv...(1638)
12-25 10:38:11 476 trans-pool-1-thread-2 INFO - com.isuwang.soa.hello.service.HelloService 1.0.0 sayHello operatorId:Optional.empty operatorName:Optional.empty request body:sayHello_args(myhello)
12-25 10:38:11 476 trans-pool-1-thread-2 DEBUG - com.isuwang.soa.hello.service.HelloService 1.0.0 sayHello Optional.empty request header:Optional.empty body:sayHello_args(myhello)
12-25 10:38:11 704 trans-pool-1-thread-2 DEBUG - SQL Preparing:  select * from companys where id = 119501 args: List()
12-25 10:38:11 794 trans-pool-1-thread-2 ERROR - Table 'test.companys' doesn't exist
com.mysql.jdbc.exceptions.jdbc4.MySQLSyntaxErrorException: Table 'test.companys' doesn't exist
	at sun.reflect.NativeConstructorAccessorImpl.newInstance0(Native Method) ~[na:1.8.0_151]
	at sun.reflect.NativeConstructorAccessorImpl.newInstance(NativeConstructorAccessorImpl.java:62) ~[na:1.8.0_151]
	at sun.reflect.DelegatingConstructorAccessorImpl.newInstance(DelegatingConstructorAccessorImpl.java:45) ~[na:1.8.0_151]
	at java.lang.reflect.Constructor.newInstance(Constructor.java:423) ~[na:1.8.0_151]
	at com.mysql.jdbc.Util.handleNewInstance(Util.java:400) ~[mysql-connector-java-5.1.37.jar:5.1.37]
	at com.mysql.jdbc.Util.getInstance(Util.java:383) ~[mysql-connector-java-5.1.37.jar:5.1.37]
	at com.mysql.jdbc.SQLError.createSQLException(SQLError.java:980) ~[mysql-connector-java-5.1.37.jar:5.1.37]
	at com.mysql.jdbc.MysqlIO.checkErrorPacket(MysqlIO.java:3847) ~[mysql-connector-java-5.1.37.jar:5.1.37]
	at com.mysql.jdbc.MysqlIO.checkErrorPacket(MysqlIO.java:3783) ~[mysql-connector-java-5.1.37.jar:5.1.37]
	at com.mysql.jdbc.MysqlIO.sendCommand(MysqlIO.java:2447) ~[mysql-connector-java-5.1.37.jar:5.1.37]
	at com.mysql.jdbc.MysqlIO.sqlQueryDirect(MysqlIO.java:2594) ~[mysql-connector-java-5.1.37.jar:5.1.37]
	at com.mysql.jdbc.ConnectionImpl.execSQL(ConnectionImpl.java:2545) ~[mysql-connector-java-5.1.37.jar:5.1.37]
	at com.mysql.jdbc.PreparedStatement.executeInternal(PreparedStatement.java:1901) ~[mysql-connector-java-5.1.37.jar:5.1.37]
	at com.mysql.jdbc.PreparedStatement.executeQuery(PreparedStatement.java:2002) ~[mysql-connector-java-5.1.37.jar:5.1.37]
	at com.alibaba.druid.filter.FilterChainImpl.preparedStatement_executeQuery(FilterChainImpl.java:2714) ~[druid-1.0.17.jar:1.0.17]
	at com.alibaba.druid.filter.FilterEventAdapter.preparedStatement_executeQuery(FilterEventAdapter.java:465) ~[druid-1.0.17.jar:1.0.17]
	at com.alibaba.druid.filter.FilterChainImpl.preparedStatement_executeQuery(FilterChainImpl.java:2711) ~[druid-1.0.17.jar:1.0.17]
	at com.alibaba.druid.filter.FilterEventAdapter.preparedStatement_executeQuery(FilterEventAdapter.java:465) ~[druid-1.0.17.jar:1.0.17]
	at com.alibaba.druid.filter.FilterChainImpl.preparedStatement_executeQuery(FilterChainImpl.java:2711) ~[druid-1.0.17.jar:1.0.17]
	at com.alibaba.druid.proxy.jdbc.PreparedStatementProxyImpl.executeQuery(PreparedStatementProxyImpl.java:145) ~[druid-1.0.17.jar:1.0.17]
	at com.alibaba.druid.pool.DruidPooledPreparedStatement.executeQuery(DruidPooledPreparedStatement.java:227) ~[druid-1.0.17.jar:1.0.17]
	at wangzx.scala_commons.sql.RichConnection.$anonfun$row$1(RichConnection.scala:135) ~[scala-sql_2.12-2.0.0.jar:2.0.0]
	at wangzx.scala_commons.sql.RichConnection.withPreparedStatement(RichConnection.scala:32) ~[scala-sql_2.12-2.0.0.jar:2.0.0]
	at wangzx.scala_commons.sql.RichConnection.row(RichConnection.scala:130) ~[scala-sql_2.12-2.0.0.jar:2.0.0]
	at wangzx.scala_commons.sql.RichDataSource.$anonfun$row$1(RichDataSource.scala:38) ~[scala-sql_2.12-2.0.0.jar:2.0.0]
	at wangzx.scala_commons.sql.RichDataSource.withConnection(RichDataSource.scala:12) ~[scala-sql_2.12-2.0.0.jar:2.0.0]
	at wangzx.scala_commons.sql.RichDataSource.row(RichDataSource.scala:38) ~[scala-sql_2.12-2.0.0.jar:2.0.0]
	at com.isuwang.lhsoa.scala.hello.HelloServiceImpl.sayHello(HelloServiceImpl.scala:23) ~[classes/:na]
	at com.isuwang.soa.scala.hello.HelloServiceCodec$sayHello.getResult(HelloServiceCodec.scala:161) ~[classes/:na]
	at com.isuwang.soa.scala.hello.HelloServiceCodec$sayHello.getResult(HelloServiceCodec.scala:151) ~[classes/:na]
	at com.isuwang.dapeng.core.SoaCommonBaseProcessor.lambda$process$0(SoaCommonBaseProcessor.java:84) ~[dapeng-core-1.3.0.jar:na]
	at com.isuwang.dapeng.core.filter.container.DispatchFilter.doFilter(DispatchFilter.java:27) ~[dapeng-core-1.3.0.jar:na]
	at com.isuwang.dapeng.core.filter.container.ContainerFilterChain.doFilter(ContainerFilterChain.java:35) ~[dapeng-core-1.3.0.jar:na]
	at com.isuwang.dapeng.container.filter.SlowTimeServiceFilter.doFilter(SlowTimeServiceFilter.java:29) ~[dapeng-container-1.3.0.jar:na]
	at com.isuwang.dapeng.core.filter.container.ContainerFilterChain.doFilter(ContainerFilterChain.java:35) ~[dapeng-core-1.3.0.jar:na]
	at com.isuwang.dapeng.container.filter.ProviderTimesFilter.doFilter(ProviderTimesFilter.java:29) ~[dapeng-container-1.3.0.jar:na]
	at com.isuwang.dapeng.core.filter.container.ContainerFilterChain.doFilter(ContainerFilterChain.java:35) ~[dapeng-core-1.3.0.jar:na]
	at com.isuwang.dapeng.container.filter.SoaGlobalTransactionalFilter.doFilter(SoaGlobalTransactionalFilter.java:50) ~[dapeng-container-1.3.0.jar:na]
	at com.isuwang.dapeng.core.filter.container.ContainerFilterChain.doFilter(ContainerFilterChain.java:35) ~[dapeng-core-1.3.0.jar:na]
	at com.isuwang.dapeng.core.SoaCommonBaseProcessor.process(SoaCommonBaseProcessor.java:103) ~[dapeng-core-1.3.0.jar:na]
	at com.isuwang.dapeng.container.netty.SoaServerHandler.processRequest(SoaServerHandler.java:299) ~[dapeng-container-1.3.0.jar:na]
	at com.isuwang.dapeng.container.netty.SoaServerHandler.lambda$readRequestHeader$5(SoaServerHandler.java:130) ~[dapeng-container-1.3.0.jar:na]
	at java.util.concurrent.ThreadPoolExecutor.runWorker(ThreadPoolExecutor.java:1149) ~[na:1.8.0_151]
	at java.util.concurrent.ThreadPoolExecutor$Worker.run(ThreadPoolExecutor.java:624) ~[na:1.8.0_151]
	at java.lang.Thread.run(Thread.java:748) [na:1.8.0_151]
12-25 10:58:08 121 trans-pool-1-thread-3 INFO - com.isuwang.soa.hello.service.HelloService 1.0.0 sayHello operatorId:Optional.empty operatorName:Optional.empty request body:sayHello_args(herh)
12-25 10:58:08 122 trans-pool-1-thread-3 DEBUG - com.isuwang.soa.hello.service.HelloService 1.0.0 sayHello Optional.empty request header:Optional.empty body:sayHello_args(herh)
12-25 10:58:08 123 trans-pool-1-thread-3 DEBUG - SQL Preparing:  select * from companys where id = 119501 args: List()
12-25 10:58:08 137 trans-pool-1-thread-3 DEBUG - SQL result: 0
12-25 10:58:08 147 trans-pool-1-thread-3 INFO - com.isuwang.soa.hello.service.HelloService 1.0.0 sayHello operatorId:Optional.empty operatorName:Optional.empty response body:sayHello_result(Hello(None))
12-25 10:58:08 148 trans-pool-1-thread-3 DEBUG - com.isuwang.soa.hello.service.HelloService 1.0.0 sayHello Optional.empty response header:Optional.empty body:sayHello_result(Hello(None))
12-25 11:00:08 832 trans-pool-1-thread-4 INFO - com.isuwang.soa.hello.service.HelloService 1.0.0 sayHello operatorId:Optional.empty operatorName:Optional.empty request body:sayHello_args(herh)
12-25 11:00:08 832 trans-pool-1-thread-4 DEBUG - com.isuwang.soa.hello.service.HelloService 1.0.0 sayHello Optional.empty request header:Optional.empty body:sayHello_args(herh)
12-25 11:00:08 833 trans-pool-1-thread-4 DEBUG - SQL Preparing:  select * from companys where id = 119501 args: List()
12-25 11:00:08 856 trans-pool-1-thread-4 DEBUG - SQL result: 0
12-25 11:00:08 857 trans-pool-1-thread-4 INFO - com.isuwang.soa.hello.service.HelloService 1.0.0 sayHello operatorId:Optional.empty operatorName:Optional.empty response body:sayHello_result(Hello(Some(Company(119501,lhmyhello))))
12-25 11:00:08 857 trans-pool-1-thread-4 DEBUG - com.isuwang.soa.hello.service.HelloService 1.0.0 sayHello Optional.empty response header:Optional.empty body:sayHello_result(Hello(Some(Company(119501,lhmyhello))))
12-25 11:46:56 714 Thread-9 INFO - {dataSource-1} inited
12-25 14:18:48 874 trans-pool-1-thread-5 INFO - com.isuwang.soa.hello.service.HelloService 1.0.0 sayHello operatorId:Optional.empty operatorName:Optional.empty request body:sayHello_args(hern)
12-25 14:18:48 904 trans-pool-1-thread-5 DEBUG - com.isuwang.soa.hello.service.HelloService 1.0.0 sayHello Optional.empty request header:Optional.empty body:sayHello_args(hern)
12-25 14:18:49 421 trans-pool-1-thread-5 DEBUG - SQL Preparing:  select * from companys where id = 119501 args: List()
12-25 14:18:49 526 trans-pool-1-thread-5 DEBUG - SQL result: 0
12-25 14:18:49 538 trans-pool-1-thread-5 INFO - com.isuwang.soa.hello.service.HelloService 1.0.0 sayHello operatorId:Optional.empty operatorName:Optional.empty response body:sayHello_result(Hello(Some(Company(119501,lhmyhello))))
12-25 14:18:49 539 trans-pool-1-thread-5 DEBUG - com.isuwang.soa.hello.service.HelloService 1.0.0 sayHello Optional.empty response header:Optional.empty body:sayHello_result(Hello(Some(Company(119501,lhmyhello))))
12-25 14:19:56 970 trans-pool-1-thread-6 INFO - com.isuwang.soa.hello.service.HelloService 1.0.0 sayHello operatorId:Optional.empty operatorName:Optional.empty request body:sayHello_args(hern)
12-25 14:19:56 971 trans-pool-1-thread-6 DEBUG - com.isuwang.soa.hello.service.HelloService 1.0.0 sayHello Optional.empty request header:Optional.empty body:sayHello_args(hern)
12-25 14:19:56 972 trans-pool-1-thread-6 DEBUG - SQL Preparing:  select * from companys where id = 119501 args: List()
12-25 14:19:56 974 trans-pool-1-thread-6 DEBUG - SQL result: 0
12-25 14:19:56 980 trans-pool-1-thread-6 INFO - com.isuwang.soa.hello.service.HelloService 1.0.0 sayHello operatorId:Optional.empty operatorName:Optional.empty response body:sayHello_result(Hello(Some(Company(119501,lhmyhello))))
12-25 14:19:56 980 trans-pool-1-thread-6 DEBUG - com.isuwang.soa.hello.service.HelloService 1.0.0 sayHello Optional.empty response header:Optional.empty body:sayHello_result(Hello(Some(Company(119501,lhmyhello))))
12-25 14:19:57 605 trans-pool-1-thread-7 INFO - com.isuwang.soa.hello.service.HelloService 1.0.0 sayHello operatorId:Optional.empty operatorName:Optional.empty request body:sayHello_args(lhe)
12-25 14:19:57 606 trans-pool-1-thread-7 DEBUG - com.isuwang.soa.hello.service.HelloService 1.0.0 sayHello Optional.empty request header:Optional.empty body:sayHello_args(lhe)
12-25 14:19:57 606 trans-pool-1-thread-7 DEBUG - SQL Preparing:  select * from companys where id = 119501 args: List()
12-25 14:19:57 608 trans-pool-1-thread-7 DEBUG - SQL result: 0
12-25 14:19:57 608 trans-pool-1-thread-7 INFO - com.isuwang.soa.hello.service.HelloService 1.0.0 sayHello operatorId:Optional.empty operatorName:Optional.empty response body:sayHello_result(Hello(Some(Company(119501,lhmyhello))))
12-25 14:19:57 609 trans-pool-1-thread-7 DEBUG - com.isuwang.soa.hello.service.HelloService 1.0.0 sayHello Optional.empty response header:Optional.empty body:sayHello_result(Hello(Some(Company(119501,lhmyhello))))
12-25 14:20:29 168 trans-pool-1-thread-8 INFO - com.isuwang.soa.hello.service.HelloService 1.0.0 sayHello operatorId:Optional.empty operatorName:Optional.empty request body:sayHello_args(lhe)
12-25 14:20:29 169 trans-pool-1-thread-8 DEBUG - com.isuwang.soa.hello.service.HelloService 1.0.0 sayHello Optional.empty request header:Optional.empty body:sayHello_args(lhe)
12-25 14:20:29 169 trans-pool-1-thread-8 DEBUG - SQL Preparing:  select * from companys where id = 119501 args: List()
12-25 14:20:29 172 trans-pool-1-thread-8 DEBUG - SQL result: 0
12-25 14:20:29 179 trans-pool-1-thread-8 INFO - com.isuwang.soa.hello.service.HelloService 1.0.0 sayHello operatorId:Optional.empty operatorName:Optional.empty response body:sayHello_result(Hello(Some(Company(119501,lhmyhello))))
12-25 14:20:29 180 trans-pool-1-thread-8 DEBUG - com.isuwang.soa.hello.service.HelloService 1.0.0 sayHello Optional.empty response header:Optional.empty body:sayHello_result(Hello(Some(Company(119501,lhmyhello))))
12-25 14:21:48 936 trans-pool-1-thread-1 INFO - com.isuwang.soa.hello.service.HelloService 1.0.0 sayHello operatorId:Optional.empty operatorName:Optional.empty request body:sayHello_args(lhe)
12-25 14:21:48 937 trans-pool-1-thread-1 DEBUG - com.isuwang.soa.hello.service.HelloService 1.0.0 sayHello Optional.empty request header:Optional.empty body:sayHello_args(lhe)
12-25 14:21:48 939 trans-pool-1-thread-1 DEBUG - SQL Preparing:  select * from companys where id = 119501 args: List()
12-25 14:21:48 940 trans-pool-1-thread-1 DEBUG - SQL result: 0
12-25 14:21:48 941 trans-pool-1-thread-1 INFO - com.isuwang.soa.hello.service.HelloService 1.0.0 sayHello operatorId:Optional.empty operatorName:Optional.empty response body:sayHello_result(Hello(Some(Company(119501,lhmyhello))))
12-25 14:21:48 942 trans-pool-1-thread-1 DEBUG - com.isuwang.soa.hello.service.HelloService 1.0.0 sayHello Optional.empty response header:Optional.empty body:sayHello_result(Hello(Some(Company(119501,lhmyhello))))
12-25 14:29:34 165 trans-pool-1-thread-2 INFO - com.isuwang.soa.hello.service.HelloService 1.0.0 sayHello operatorId:Optional.empty operatorName:Optional.empty request body:sayHello_args(lhe)
12-25 14:29:34 166 trans-pool-1-thread-2 DEBUG - com.isuwang.soa.hello.service.HelloService 1.0.0 sayHello Optional.empty request header:Optional.empty body:sayHello_args(lhe)
12-25 14:29:34 172 trans-pool-1-thread-2 DEBUG - SQL Preparing:  select * from companys where id = 119501 args: List()
12-25 14:29:34 179 trans-pool-1-thread-2 DEBUG - SQL result: 0
12-25 14:29:34 180 trans-pool-1-thread-2 INFO - com.isuwang.soa.hello.service.HelloService 1.0.0 sayHello operatorId:Optional.empty operatorName:Optional.empty response body:sayHello_result(Hello(Some(Company(119501,lhmyhello))))
12-25 14:29:34 181 trans-pool-1-thread-2 DEBUG - com.isuwang.soa.hello.service.HelloService 1.0.0 sayHello Optional.empty response header:Optional.empty body:sayHello_result(Hello(Some(Company(119501,lhmyhello))))
12-25 20:15:03 322 Thread-12 INFO - {dataSource-1} closed
